<?xml version="1.0" encoding="UTF-8"?>
<!-- Generated by org.testng.reporters.JUnitReportReporter -->
<testsuite ignored="0" hostname="DESKTOP-TDS36VG" failures="0" tests="1" name="testSel.SelTest" time="3.359" errors="0" timestamp="22 jul. 2022 20:50:26 GMT" skipped="0">
  <testcase classname="testSel.SelTest" name="f" time="3.359"/>
</testsuite> <!-- testSel.SelTest -->
